<?xml version="1.0" encoding="utf-8" standalone="no"?>
<test-run id="2" testcasecount="31" result="Passed" total="31" passed="31" failed="0" inconclusive="0" skipped="0" asserts="0" engine-version="3.4.1.0" clr-version="4.0.30319.42000" start-time="2016-07-25 01:36:11Z" end-time="2016-07-25 01:36:12Z" duration="0.873888">
  <command-line><![CDATA[C:\Users\ivan\.nuget\packages\NUnit.ConsoleRunner\3.4.1\tools\nunit3-console.exe  bin\Debug\net461\Machine.Specifications.Tests.dll]]></command-line>
  <test-suite type="Assembly" id="0-1047" name="Machine.Specifications.Tests.dll" fullname="c:\code\machine.specifications\Source\Machine.Specifications.Tests\bin\Debug\net461\Machine.Specifications.Tests.dll" runstate="Runnable" testcasecount="31" result="Passed" start-time="2016-07-25 01:36:11Z" end-time="2016-07-25 01:36:12Z" duration="0.798814" total="31" passed="31" failed="0" inconclusive="0" skipped="0" asserts="0">
    <environment framework-version="3.4.1.0" clr-version="4.0.30319.42000" os-version="Microsoft Windows NT 10.0.10586.0" platform="Win32NT" cwd="c:\code\machine.specifications\Source\Machine.Specifications.Tests" machine-name="DESKTOP-ON4G0G4" user="ivan" user-domain="DESKTOP-ON4G0G4" culture="en-GB" uiculture="en-GB" os-architecture="x64" />
    <settings>
      <setting name="WorkDirectory" value="c:\code\machine.specifications\Source\Machine.Specifications.Tests" />
      <setting name="ImageRuntimeVersion" value="4.0.30319" />
      <setting name="ImageTargetFrameworkName" value=".NETFramework,Version=v4.6.1" />
      <setting name="ImageRequiresX86" value="False" />
      <setting name="ImageRequiresDefaultAppDomainAssemblyResolver" value="False" />
      <setting name="NumberOfTestWorkers" value="4" />
    </settings>
    <properties>
      <property name="_PID" value="9364" />
      <property name="_APPDOMAIN" value="test-domain-" />
    </properties>
    <test-suite type="TestSuite" id="0-1048" name="Machine" fullname="Machine" runstate="Runnable" testcasecount="31" result="Passed" start-time="2016-07-25 01:36:11Z" end-time="2016-07-25 01:36:12Z" duration="0.779458" total="31" passed="31" failed="0" inconclusive="0" skipped="0" asserts="0">
      <test-suite type="TestSuite" id="0-1049" name="Specifications" fullname="Machine.Specifications" runstate="Runnable" testcasecount="31" result="Passed" start-time="2016-07-25 01:36:11Z" end-time="2016-07-25 01:36:12Z" duration="0.775787" total="31" passed="31" failed="0" inconclusive="0" skipped="0" asserts="0">
        <test-suite type="TestSuite" id="0-1052" name="Explorers" fullname="Machine.Specifications.Explorers" runstate="Runnable" testcasecount="12" result="Passed" start-time="2016-07-25 01:36:12Z" end-time="2016-07-25 01:36:12Z" duration="0.393187" total="12" passed="12" failed="0" inconclusive="0" skipped="0" asserts="0">
          <test-suite type="TestFixture" id="0-1045" name="AssemblyExplorer_FindAssemblyContextsIn_WithinAnAssembly" fullname="Machine.Specifications.Explorers.AssemblyExplorer_FindAssemblyContextsIn_WithinAnAssembly" classname="Machine.Specifications.Explorers.AssemblyExplorer_FindAssemblyContextsIn_WithinAnAssembly" runstate="Runnable" testcasecount="1" result="Passed" start-time="2016-07-25 01:36:12Z" end-time="2016-07-25 01:36:12Z" duration="0.056128" total="1" passed="1" failed="0" inconclusive="0" skipped="0" asserts="0">
            <test-case id="0-1046" name="ShouldHaveOneAssemblyContext" fullname="Machine.Specifications.Explorers.AssemblyExplorer_FindAssemblyContextsIn_WithinAnAssembly.ShouldHaveOneAssemblyContext" methodname="ShouldHaveOneAssemblyContext" classname="Machine.Specifications.Explorers.AssemblyExplorer_FindAssemblyContextsIn_WithinAnAssembly" runstate="Runnable" seed="464618829" result="Passed" start-time="2016-07-25 01:36:12Z" end-time="2016-07-25 01:36:12Z" duration="0.027377" asserts="0" />
          </test-suite>
          <test-suite type="TestFixture" id="0-1038" name="AssemblyExplorer_FindContext_WithClass" fullname="Machine.Specifications.Explorers.AssemblyExplorer_FindContext_WithClass" classname="Machine.Specifications.Explorers.AssemblyExplorer_FindContext_WithClass" runstate="Runnable" testcasecount="3" result="Passed" start-time="2016-07-25 01:36:12Z" end-time="2016-07-25 01:36:12Z" duration="0.146337" total="3" passed="3" failed="0" inconclusive="0" skipped="0" asserts="0">
            <test-case id="0-1039" name="ShouldReturnAContext" fullname="Machine.Specifications.Explorers.AssemblyExplorer_FindContext_WithClass.ShouldReturnAContext" methodname="ShouldReturnAContext" classname="Machine.Specifications.Explorers.AssemblyExplorer_FindContext_WithClass" runstate="Runnable" seed="974102845" result="Passed" start-time="2016-07-25 01:36:12Z" end-time="2016-07-25 01:36:12Z" duration="0.085162" asserts="0" />
            <test-case id="0-1040" name="ShouldReturnOneSpecification" fullname="Machine.Specifications.Explorers.AssemblyExplorer_FindContext_WithClass.ShouldReturnOneSpecification" methodname="ShouldReturnOneSpecification" classname="Machine.Specifications.Explorers.AssemblyExplorer_FindContext_WithClass" runstate="Runnable" seed="1702342082" result="Passed" start-time="2016-07-25 01:36:12Z" end-time="2016-07-25 01:36:12Z" duration="0.001087" asserts="0" />
            <test-case id="0-1041" name="ShouldReturnOneSpecificationNamedCorrectly" fullname="Machine.Specifications.Explorers.AssemblyExplorer_FindContext_WithClass.ShouldReturnOneSpecificationNamedCorrectly" methodname="ShouldReturnOneSpecificationNamedCorrectly" classname="Machine.Specifications.Explorers.AssemblyExplorer_FindContext_WithClass" runstate="Runnable" seed="426703080" result="Passed" start-time="2016-07-25 01:36:12Z" end-time="2016-07-25 01:36:12Z" duration="0.006096" asserts="0" />
          </test-suite>
          <test-suite type="TestFixture" id="0-1035" name="AssemblyExplorer_FindContext_WithFieldInfo" fullname="Machine.Specifications.Explorers.AssemblyExplorer_FindContext_WithFieldInfo" classname="Machine.Specifications.Explorers.AssemblyExplorer_FindContext_WithFieldInfo" runstate="Runnable" testcasecount="2" result="Passed" start-time="2016-07-25 01:36:12Z" end-time="2016-07-25 01:36:12Z" duration="0.037995" total="2" passed="2" failed="0" inconclusive="0" skipped="0" asserts="0">
            <test-case id="0-1036" name="ShouldReturnAContext" fullname="Machine.Specifications.Explorers.AssemblyExplorer_FindContext_WithFieldInfo.ShouldReturnAContext" methodname="ShouldReturnAContext" classname="Machine.Specifications.Explorers.AssemblyExplorer_FindContext_WithFieldInfo" runstate="Runnable" seed="992810729" result="Passed" start-time="2016-07-25 01:36:12Z" end-time="2016-07-25 01:36:12Z" duration="0.002334" asserts="0" />
            <test-case id="0-1037" name="ShouldReturnCorrectName" fullname="Machine.Specifications.Explorers.AssemblyExplorer_FindContext_WithFieldInfo.ShouldReturnCorrectName" methodname="ShouldReturnCorrectName" classname="Machine.Specifications.Explorers.AssemblyExplorer_FindContext_WithFieldInfo" runstate="Runnable" seed="1129495616" result="Passed" start-time="2016-07-25 01:36:12Z" end-time="2016-07-25 01:36:12Z" duration="0.000900" asserts="0" />
          </test-suite>
          <test-suite type="TestFixture" id="0-1042" name="AssemblyExplorer_FindContext_WithFirstContextOfExampleAssemblyTests" fullname="Machine.Specifications.Explorers.AssemblyExplorer_FindContext_WithFirstContextOfExampleAssemblyTests" classname="Machine.Specifications.Explorers.AssemblyExplorer_FindContext_WithFirstContextOfExampleAssemblyTests" runstate="Runnable" testcasecount="2" result="Passed" start-time="2016-07-25 01:36:12Z" end-time="2016-07-25 01:36:12Z" duration="0.043937" total="2" passed="2" failed="0" inconclusive="0" skipped="0" asserts="0">
            <test-case id="0-1044" name="ShouldHaveSpecificationsWithCorrectItClauses" fullname="Machine.Specifications.Explorers.AssemblyExplorer_FindContext_WithFirstContextOfExampleAssemblyTests.ShouldHaveSpecificationsWithCorrectItClauses" methodname="ShouldHaveSpecificationsWithCorrectItClauses" classname="Machine.Specifications.Explorers.AssemblyExplorer_FindContext_WithFirstContextOfExampleAssemblyTests" runstate="Runnable" seed="225795301" result="Passed" start-time="2016-07-25 01:36:12Z" end-time="2016-07-25 01:36:12Z" duration="0.034917" asserts="0" />
            <test-case id="0-1043" name="ShouldHaveTwoSpecifications" fullname="Machine.Specifications.Explorers.AssemblyExplorer_FindContext_WithFirstContextOfExampleAssemblyTests.ShouldHaveTwoSpecifications" methodname="ShouldHaveTwoSpecifications" classname="Machine.Specifications.Explorers.AssemblyExplorer_FindContext_WithFirstContextOfExampleAssemblyTests" runstate="Runnable" seed="1809479701" result="Passed" start-time="2016-07-25 01:36:12Z" end-time="2016-07-25 01:36:12Z" duration="0.002205" asserts="0" />
          </test-suite>
          <test-suite type="TestFixture" id="0-1032" name="AssemblyExplorer_FindContexts_WithOneOfManyNamespaces" fullname="Machine.Specifications.Explorers.AssemblyExplorer_FindContexts_WithOneOfManyNamespaces" classname="Machine.Specifications.Explorers.AssemblyExplorer_FindContexts_WithOneOfManyNamespaces" runstate="Runnable" testcasecount="2" result="Passed" start-time="2016-07-25 01:36:12Z" end-time="2016-07-25 01:36:12Z" duration="0.016141" total="2" passed="2" failed="0" inconclusive="0" skipped="0" asserts="0">
            <test-case id="0-1033" name="ShouldReturnTwoContexts" fullname="Machine.Specifications.Explorers.AssemblyExplorer_FindContexts_WithOneOfManyNamespaces.ShouldReturnTwoContexts" methodname="ShouldReturnTwoContexts" classname="Machine.Specifications.Explorers.AssemblyExplorer_FindContexts_WithOneOfManyNamespaces" runstate="Runnable" seed="1528444824" result="Passed" start-time="2016-07-25 01:36:12Z" end-time="2016-07-25 01:36:12Z" duration="0.004170" asserts="0" />
            <test-case id="0-1034" name="ShouldReturnTwoContextsNamedCorrectly" fullname="Machine.Specifications.Explorers.AssemblyExplorer_FindContexts_WithOneOfManyNamespaces.ShouldReturnTwoContextsNamedCorrectly" methodname="ShouldReturnTwoContextsNamedCorrectly" classname="Machine.Specifications.Explorers.AssemblyExplorer_FindContexts_WithOneOfManyNamespaces" runstate="Runnable" seed="1227619587" result="Passed" start-time="2016-07-25 01:36:12Z" end-time="2016-07-25 01:36:12Z" duration="0.004884" asserts="0" />
          </test-suite>
          <test-suite type="TestFixture" id="0-1029" name="AssemblyExplorer_FindSpecifications_WithExampleAssemblyTests" fullname="Machine.Specifications.Explorers.AssemblyExplorer_FindSpecifications_WithExampleAssemblyTests" classname="Machine.Specifications.Explorers.AssemblyExplorer_FindSpecifications_WithExampleAssemblyTests" runstate="Runnable" testcasecount="2" result="Passed" start-time="2016-07-25 01:36:12Z" end-time="2016-07-25 01:36:12Z" duration="0.016634" total="2" passed="2" failed="0" inconclusive="0" skipped="0" asserts="0">
            <test-case id="0-1030" name="ShouldReturnThreeContexts" fullname="Machine.Specifications.Explorers.AssemblyExplorer_FindSpecifications_WithExampleAssemblyTests.ShouldReturnThreeContexts" methodname="ShouldReturnThreeContexts" classname="Machine.Specifications.Explorers.AssemblyExplorer_FindSpecifications_WithExampleAssemblyTests" runstate="Runnable" seed="1182423287" result="Passed" start-time="2016-07-25 01:36:12Z" end-time="2016-07-25 01:36:12Z" duration="0.003971" asserts="0" />
            <test-case id="0-1031" name="ShouldReturnThreeContextsNamedCorrectly" fullname="Machine.Specifications.Explorers.AssemblyExplorer_FindSpecifications_WithExampleAssemblyTests.ShouldReturnThreeContextsNamedCorrectly" methodname="ShouldReturnThreeContextsNamedCorrectly" classname="Machine.Specifications.Explorers.AssemblyExplorer_FindSpecifications_WithExampleAssemblyTests" runstate="Runnable" seed="350326721" result="Passed" start-time="2016-07-25 01:36:12Z" end-time="2016-07-25 01:36:12Z" duration="0.005509" asserts="0" />
          </test-suite>
        </test-suite>
        <test-suite type="TestSuite" id="0-1051" name="Factories" fullname="Machine.Specifications.Factories" runstate="Runnable" testcasecount="5" result="Passed" start-time="2016-07-25 01:36:12Z" end-time="2016-07-25 01:36:12Z" duration="0.449297" total="5" passed="5" failed="0" inconclusive="0" skipped="0" asserts="0">
          <test-suite type="TestFixture" id="0-1020" name="ContextFactoryTests" fullname="Machine.Specifications.Factories.ContextFactoryTests" classname="Machine.Specifications.Factories.ContextFactoryTests" runstate="Runnable" testcasecount="1" result="Passed" start-time="2016-07-25 01:36:12Z" end-time="2016-07-25 01:36:12Z" duration="0.006986" total="1" passed="1" failed="0" inconclusive="0" skipped="0" asserts="0">
            <test-case id="0-1021" name="ShouldSetType" fullname="Machine.Specifications.Factories.ContextFactoryTests.ShouldSetType" methodname="ShouldSetType" classname="Machine.Specifications.Factories.ContextFactoryTests" runstate="Runnable" seed="1263053148" result="Passed" start-time="2016-07-25 01:36:12Z" end-time="2016-07-25 01:36:12Z" duration="0.003969" asserts="0" />
          </test-suite>
          <test-suite type="TestFixture" id="0-1022" name="SpecificationFactory_CreateSpecification" fullname="Machine.Specifications.Factories.SpecificationFactory_CreateSpecification" classname="Machine.Specifications.Factories.SpecificationFactory_CreateSpecification" runstate="Runnable" testcasecount="2" result="Passed" start-time="2016-07-25 01:36:12Z" end-time="2016-07-25 01:36:12Z" duration="0.025972" total="2" passed="2" failed="0" inconclusive="0" skipped="0" asserts="0">
            <test-case id="0-1023" name="ShouldHaveCorrectItClause" fullname="Machine.Specifications.Factories.SpecificationFactory_CreateSpecification.ShouldHaveCorrectItClause" methodname="ShouldHaveCorrectItClause" classname="Machine.Specifications.Factories.SpecificationFactory_CreateSpecification" runstate="Runnable" seed="2114106407" result="Passed" start-time="2016-07-25 01:36:12Z" end-time="2016-07-25 01:36:12Z" duration="0.015642" asserts="0" />
            <test-case id="0-1024" name="ShouldHaveFieldInfo" fullname="Machine.Specifications.Factories.SpecificationFactory_CreateSpecification.ShouldHaveFieldInfo" methodname="ShouldHaveFieldInfo" classname="Machine.Specifications.Factories.SpecificationFactory_CreateSpecification" runstate="Runnable" seed="1665572404" result="Passed" start-time="2016-07-25 01:36:12Z" end-time="2016-07-25 01:36:12Z" duration="0.002192" asserts="0" />
          </test-suite>
          <test-suite type="TestFixture" id="0-1025" name="SpecificationFactory_CreateThrowSpecification" fullname="Machine.Specifications.Factories.SpecificationFactory_CreateThrowSpecification" classname="Machine.Specifications.Factories.SpecificationFactory_CreateThrowSpecification" runstate="Runnable" testcasecount="1" result="Passed" start-time="2016-07-25 01:36:12Z" end-time="2016-07-25 01:36:12Z" duration="0.007680" total="1" passed="1" failed="0" inconclusive="0" skipped="0" asserts="0">
            <test-case id="0-1026" name="ShouldHaveCorrectItClause" fullname="Machine.Specifications.Factories.SpecificationFactory_CreateThrowSpecification.ShouldHaveCorrectItClause" methodname="ShouldHaveCorrectItClause" classname="Machine.Specifications.Factories.SpecificationFactory_CreateThrowSpecification" runstate="Runnable" seed="263199928" result="Passed" start-time="2016-07-25 01:36:12Z" end-time="2016-07-25 01:36:12Z" duration="0.002131" asserts="0" />
          </test-suite>
          <test-suite type="TestFixture" id="0-1027" name="SpecificationFactory_CreateUndefinedSpecification" fullname="Machine.Specifications.Factories.SpecificationFactory_CreateUndefinedSpecification" classname="Machine.Specifications.Factories.SpecificationFactory_CreateUndefinedSpecification" runstate="Runnable" testcasecount="1" result="Passed" start-time="2016-07-25 01:36:12Z" end-time="2016-07-25 01:36:12Z" duration="0.006023" total="1" passed="1" failed="0" inconclusive="0" skipped="0" asserts="0">
            <test-case id="0-1028" name="ShouldCreateUnknownSpecification" fullname="Machine.Specifications.Factories.SpecificationFactory_CreateUndefinedSpecification.ShouldCreateUnknownSpecification" methodname="ShouldCreateUnknownSpecification" classname="Machine.Specifications.Factories.SpecificationFactory_CreateUndefinedSpecification" runstate="Runnable" seed="587610831" result="Passed" start-time="2016-07-25 01:36:12Z" end-time="2016-07-25 01:36:12Z" duration="0.002954" asserts="0" />
          </test-suite>
        </test-suite>
        <test-suite type="TestSuite" id="0-1050" name="Model" fullname="Machine.Specifications.Model" runstate="Runnable" testcasecount="14" result="Passed" start-time="2016-07-25 01:36:12Z" end-time="2016-07-25 01:36:12Z" duration="0.749690" total="14" passed="14" failed="0" inconclusive="0" skipped="0" asserts="0">
          <test-suite type="TestFixture" id="0-1012" name="ContextTests" fullname="Machine.Specifications.Model.ContextTests" classname="Machine.Specifications.Model.ContextTests" runstate="Runnable" testcasecount="3" result="Passed" start-time="2016-07-25 01:36:12Z" end-time="2016-07-25 01:36:12Z" duration="0.055131" total="3" passed="3" failed="0" inconclusive="0" skipped="0" asserts="0">
            <test-case id="0-1014" name="ShouldCallBeforeEach" fullname="Machine.Specifications.Model.ContextTests.ShouldCallBeforeEach" methodname="ShouldCallBeforeEach" classname="Machine.Specifications.Model.ContextTests" runstate="Runnable" seed="460168761" result="Passed" start-time="2016-07-25 01:36:12Z" end-time="2016-07-25 01:36:12Z" duration="0.011349" asserts="0" />
            <test-case id="0-1015" name="ShouldCleanup" fullname="Machine.Specifications.Model.ContextTests.ShouldCleanup" methodname="ShouldCleanup" classname="Machine.Specifications.Model.ContextTests" runstate="Runnable" seed="1801348220" result="Passed" start-time="2016-07-25 01:36:12Z" end-time="2016-07-25 01:36:12Z" duration="0.001426" asserts="0" />
            <test-case id="0-1013" name="ShouldEstablishContext" fullname="Machine.Specifications.Model.ContextTests.ShouldEstablishContext" methodname="ShouldEstablishContext" classname="Machine.Specifications.Model.ContextTests" runstate="Runnable" seed="829946935" result="Passed" start-time="2016-07-25 01:36:12Z" end-time="2016-07-25 01:36:12Z" duration="0.001182" asserts="0" />
          </test-suite>
          <test-suite type="TestFixture" id="0-1006" name="EmptyContextTests" fullname="Machine.Specifications.Model.EmptyContextTests" classname="Machine.Specifications.Model.EmptyContextTests" runstate="Runnable" testcasecount="1" result="Passed" start-time="2016-07-25 01:36:12Z" end-time="2016-07-25 01:36:12Z" duration="0.005028" total="1" passed="1" failed="0" inconclusive="0" skipped="0" asserts="0">
            <test-case id="0-1007" name="ShouldCallIt" fullname="Machine.Specifications.Model.EmptyContextTests.ShouldCallIt" methodname="ShouldCallIt" classname="Machine.Specifications.Model.EmptyContextTests" runstate="Runnable" seed="1794916160" result="Passed" start-time="2016-07-25 01:36:12Z" end-time="2016-07-25 01:36:12Z" duration="0.001152" asserts="0" />
          </test-suite>
          <test-suite type="TestFixture" id="0-1008" name="EmptySpecificationTests" fullname="Machine.Specifications.Model.EmptySpecificationTests" classname="Machine.Specifications.Model.EmptySpecificationTests" runstate="Runnable" testcasecount="3" result="Passed" start-time="2016-07-25 01:36:12Z" end-time="2016-07-25 01:36:12Z" duration="0.012006" total="3" passed="3" failed="0" inconclusive="0" skipped="0" asserts="0">
            <test-case id="0-1011" name="ShouldHaveFailedResult" fullname="Machine.Specifications.Model.EmptySpecificationTests.ShouldHaveFailedResult" methodname="ShouldHaveFailedResult" classname="Machine.Specifications.Model.EmptySpecificationTests" runstate="Runnable" seed="921418582" result="Passed" start-time="2016-07-25 01:36:12Z" end-time="2016-07-25 01:36:12Z" duration="0.000784" asserts="0" />
            <test-case id="0-1010" name="ShouldHaveNotImplementedResult" fullname="Machine.Specifications.Model.EmptySpecificationTests.ShouldHaveNotImplementedResult" methodname="ShouldHaveNotImplementedResult" classname="Machine.Specifications.Model.EmptySpecificationTests" runstate="Runnable" seed="1951974016" result="Passed" start-time="2016-07-25 01:36:12Z" end-time="2016-07-25 01:36:12Z" duration="0.001282" asserts="0" />
            <test-case id="0-1009" name="ShouldNotCallWhen" fullname="Machine.Specifications.Model.EmptySpecificationTests.ShouldNotCallWhen" methodname="ShouldNotCallWhen" classname="Machine.Specifications.Model.EmptySpecificationTests" runstate="Runnable" seed="170014845" result="Passed" start-time="2016-07-25 01:36:12Z" end-time="2016-07-25 01:36:12Z" duration="0.000546" asserts="0" />
          </test-suite>
          <test-suite type="TestFixture" id="0-1000" name="ExpectingThrowButDoesntTests" fullname="Machine.Specifications.Model.ExpectingThrowButDoesntTests" classname="Machine.Specifications.Model.ExpectingThrowButDoesntTests" runstate="Runnable" testcasecount="2" result="Passed" start-time="2016-07-25 01:36:12Z" end-time="2016-07-25 01:36:12Z" duration="0.176586" total="2" passed="2" failed="0" inconclusive="0" skipped="0" asserts="0">
            <test-case id="0-1002" name="ShouldFail" fullname="Machine.Specifications.Model.ExpectingThrowButDoesntTests.ShouldFail" methodname="ShouldFail" classname="Machine.Specifications.Model.ExpectingThrowButDoesntTests" runstate="Runnable" seed="450687176" result="Passed" start-time="2016-07-25 01:36:12Z" end-time="2016-07-25 01:36:12Z" duration="0.166929" asserts="0" />
            <test-case id="0-1001" name="ShouldHaveException" fullname="Machine.Specifications.Model.ExpectingThrowButDoesntTests.ShouldHaveException" methodname="ShouldHaveException" classname="Machine.Specifications.Model.ExpectingThrowButDoesntTests" runstate="Runnable" seed="1174722862" result="Passed" start-time="2016-07-25 01:36:12Z" end-time="2016-07-25 01:36:12Z" duration="0.002767" asserts="0" />
          </test-suite>
          <test-suite type="TestFixture" id="0-1016" name="SpecificationTests" fullname="Machine.Specifications.Model.SpecificationTests" classname="Machine.Specifications.Model.SpecificationTests" runstate="Runnable" testcasecount="3" result="Passed" start-time="2016-07-25 01:36:12Z" end-time="2016-07-25 01:36:12Z" duration="0.016062" total="3" passed="3" failed="0" inconclusive="0" skipped="0" asserts="0">
            <test-case id="0-1018" name="ShouldCallBeforeEach" fullname="Machine.Specifications.Model.SpecificationTests.ShouldCallBeforeEach" methodname="ShouldCallBeforeEach" classname="Machine.Specifications.Model.SpecificationTests" runstate="Runnable" seed="1994337541" result="Passed" start-time="2016-07-25 01:36:12Z" end-time="2016-07-25 01:36:12Z" duration="0.002182" asserts="0" />
            <test-case id="0-1019" name="ShouldCleanup" fullname="Machine.Specifications.Model.SpecificationTests.ShouldCleanup" methodname="ShouldCleanup" classname="Machine.Specifications.Model.SpecificationTests" runstate="Runnable" seed="1154936099" result="Passed" start-time="2016-07-25 01:36:12Z" end-time="2016-07-25 01:36:12Z" duration="0.001736" asserts="0" />
            <test-case id="0-1017" name="ShouldEstablishContext" fullname="Machine.Specifications.Model.SpecificationTests.ShouldEstablishContext" methodname="ShouldEstablishContext" classname="Machine.Specifications.Model.SpecificationTests" runstate="Runnable" seed="580408476" result="Passed" start-time="2016-07-25 01:36:12Z" end-time="2016-07-25 01:36:12Z" duration="0.001429" asserts="0" />
          </test-suite>
          <test-suite type="TestFixture" id="0-1003" name="ThrowingWhenTests" fullname="Machine.Specifications.Model.ThrowingWhenTests" classname="Machine.Specifications.Model.ThrowingWhenTests" runstate="Runnable" testcasecount="2" result="Passed" start-time="2016-07-25 01:36:12Z" end-time="2016-07-25 01:36:12Z" duration="0.011044" total="2" passed="2" failed="0" inconclusive="0" skipped="0" asserts="0">
            <test-case id="0-1005" name="ShouldFail" fullname="Machine.Specifications.Model.ThrowingWhenTests.ShouldFail" methodname="ShouldFail" classname="Machine.Specifications.Model.ThrowingWhenTests" runstate="Runnable" seed="496667084" result="Passed" start-time="2016-07-25 01:36:12Z" end-time="2016-07-25 01:36:12Z" duration="0.002966" asserts="0" />
            <test-case id="0-1004" name="ShouldNotCallIt" fullname="Machine.Specifications.Model.ThrowingWhenTests.ShouldNotCallIt" methodname="ShouldNotCallIt" classname="Machine.Specifications.Model.ThrowingWhenTests" runstate="Runnable" seed="792900154" result="Passed" start-time="2016-07-25 01:36:12Z" end-time="2016-07-25 01:36:12Z" duration="0.001674" asserts="0" />
          </test-suite>
        </test-suite>
      </test-suite>
    </test-suite>
  </test-suite>
</test-run>